### ISSUE TITLE
e9_loader.cpp: e9safe_call

### ISSUE THREAD

**Issue by AiDaiP** [GJDuck/e9patch#47]
gcc version 9.4.0 (Ubuntu 9.4.0-1ubuntu1~20.04.1)
only 8 bytes in e9safe_call write to the patched program's memory. when it call e9safe_call, it will crash.
```
Thread 1 received signal SIGSEGV, Segmentation fault.
0x00000001b0001bcb in ?? ()
(gdb) disassemble $pc,$pc+30
Dump of assembler code from 0x1b0001bcb to 0x1b0001be9:
=> 0x00000001b0001bcb:  callq  *0x185f(%rip)        # 0x1b0003430
   0x00000001b0001bd1:  mov    %rdi,%r8
   0x00000001b0001bd4:  lea    0x44e(%rip),%rdx        # 0x1b0002029
   0x00000001b0001bdb:  mov    %r12,%rcx
   0x00000001b0001bde:  callq  0x1b0001a50
   0x00000001b0001be3:  mov    $0x7,%r8d
End of assembler dump.
(gdb) x/10gi 0x1b0003430
   0x1b0003430: mov    %rsp,%r11
   0x1b0003433: and    $0xffffffffffffffc0,%rsp
   0x1b0003437: add    %al,(%r8)
   0x1b000343a: add    %al,(%rax)
   0x1b000343c: add    %al,(%rax)
   0x1b000343e: add    %al,(%rax)
   0x1b0003440: add    %al,(%rax)
   0x1b0003442: add    %al,(%rax)
   0x1b0003444: add    %al,(%rax)
   0x1b0003446: add    %al,(%rax)
(gdb)
```
if I change the e9_safecall's code:
```
extern "C"
{
    static intptr_t e9safe_call(const void *f, ...);
}
asm (
    ".globl e9safe_call\n"
    ".type e9safe_call, @function\n"
    "e9safe_call:\n"
    // Align the stack:
    "nop\n"
    "nop\n"
    "nop\n"
    "nop\n"
    "nop\n"
    "nop\n"
    "nop\n"
    "nop\n"
    "nop\n"
    "nop\n"
    "nop\n"
    "nop\n"
    "nop\n"
    "nop\n"
    "nop\n"
    "nop\n"
    "mov %rsp,%r11\n"
    "and $-64,%rsp\n"
   ...
```
the result is:
```
Thread 1 received signal SIGSEGV, Segmentation fault.
0x00000001b0001b2f in ?? ()
(gdb) x/10gi 0x00000001b0001b2f
=> 0x1b0001b2f: callq  *0x18fb(%rip)        # 0x1b0003430
   0x1b0001b35: jmp    0x1b0001b35
   0x1b0001b37: nopw   0x0(%rax,%rax,1)
   0x1b0001b40: endbr64
   0x1b0001b44: push   %r15
   0x1b0001b46: push   %r14
   0x1b0001b48: push   %r13
   0x1b0001b4a: push   %r12
   0x1b0001b4c: push   %rbp
   0x1b0001b4d: push   %rdi
(gdb) x/10gi 0x1b0003430
   0x1b0003430: nop
   0x1b0003431: nop
   0x1b0003432: nop
   0x1b0003433: nop
   0x1b0003434: nop
   0x1b0003435: nop
   0x1b0003436: nop
   0x1b0003437: nop
   0x1b0003438: add    %al,(%rax)
   0x1b000343a: add    %al,(%rax)
(gdb) x/10gx 0x1b0003430
0x1b0003430:    0x9090909090909090      0x0000000000000000
0x1b0003440:    0x0000000000000000      0x0000000000000000
0x1b0003450:    0x0000000000000000      0x0000000000000000
0x1b0003460:    0x0000000000000000      0x0000000000000000
0x1b0003470:    0x0000000000000000      0x0000000000000000
```

···
Thread 1 hit Hardware watchpoint 2: *0x1b0003430

Old value = 0
New value = -1869574000
0x00000001b0001ddb in ?? ()
(gdb) x/10gi 0x1b0003430
   0x1b0003430: nop
   0x1b0003431: nop
   0x1b0003432: nop
   0x1b0003433: nop
   0x1b0003434: nop
   0x1b0003435: nop
   0x1b0003436: nop
   0x1b0003437: nop
   0x1b0003438: add    %al,(%rax)
   0x1b000343a: add    %al,(%rax)
(gdb) x/10gi 0x00000001b0001dd0
   0x1b0001dd0: mov    0x50(%rcx),%rax
   0x1b0001dd4: mov    %rax,0x1655(%rip)        # 0x1b0003430
=> 0x1b0001ddb: jmpq   0x1b0001b78
   0x1b0001de0: mov    0x1649(%rip),%rsi        # 0x1b0003430
   0x1b0001de7: mov    0x163a(%rip),%r12        # 0x1b0003428
   0x1b0001dee: xor    %ebp,%ebp
   0x1b0001df0: jmpq   0x1b0001d3a
   0x1b0001df5: add    %al,(%rax)
   0x1b0001df7: add    %al,(%rax)
   0x1b0001df9: add    %al,(%rax)
···

**Comment by AiDaiP** [comment]
gcc version 9.4.0 (Ubuntu 9.4.0-1ubuntu1~20.04.1)

**Comment by GJDuck** [comment]
The problem is the following statement from `e9loader_pe.cpp`:

        config_pe->safe_call = (e9_safe_call_t)&e9safe_call;

Older versions of gcc will compile it as follows:

        lea    e9safe_call(%rip),%rax    # Get fn ptr
        mov    %rax,0x50(%rbx)           # Write fn ptr to struct

However, gcc 9.4.0 compiles it as:

        mov    e9safe_call(%rip),%rax  # Dereference the fn ptr???
        mov    %rax,0x50(%rbx)

Probably, gcc is assumes that `e9safe_call` is a PLT entry, and "optimizes" the statement.  However, it is really a function label.  I am not sure if there clean way to tell gcc this, so I replaced the function pointer with inline asm to force the correct compilation.

Also, the bug is not that e9safe_call was overwritten by zeroes.  It is was the dereference copied the first 8 bytes of machine code from e9safe_call to the location that is meant to store the function pointer, which is confusing.
